Started GET "/" for 127.0.0.1 at 2024-02-05 01:57:42 -0600
Processing by MainController#index as HTML
  Rendering layout layouts/application.html.erb
  Rendering main/index.html.erb within layouts/application
  Rendered main/index.html.erb within layouts/application (Duration: 4.5ms | Allocations: 3676)
  Rendered layout layouts/application.html.erb (Duration: 4.9ms | Allocations: 3811)
Completed 500 Internal Server Error in 19ms (MongoDB: 0.0ms | Allocations: 11640)


  
ActionView::Template::Error (The asset "favicon.ico" is not present in the asset pipeline.
):
     7:         <meta name="author" content="" />
     8:         <title>LIVE Lab</title>
     9:         <!-- Favicon-->
    10:         <link rel="icon" type="image/x-icon" href="<%= asset_path('favicon.ico') %>" />
    11:         <!-- Bootstrap icons-->
    12:         <link href="https://cdn.jsdelivr.net/npm/bootstrap-icons@1.5.0/font/bootstrap-icons.css" rel="stylesheet" />
    13:         <!-- Core theme CSS (includes Bootstrap)-->
  
app/views/main/index.html.erb:10
Started GET "/" for 127.0.0.1 at 2024-02-05 02:01:30 -0600
Processing by MainController#index as HTML
  Rendering layout layouts/application.html.erb
  Rendering main/index.html.erb within layouts/application
  Rendered main/index.html.erb within layouts/application (Duration: 0.5ms | Allocations: 357)
  Rendered layout layouts/application.html.erb (Duration: 166.7ms | Allocations: 79230)
Completed 200 OK in 168ms (Views: 167.9ms | MongoDB: 0.0ms | Allocations: 80125)


Started GET "/css/styles.css" for 127.0.0.1 at 2024-02-05 02:01:30 -0600
  
ActionController::RoutingError (No route matches [GET] "/css/styles.css"):
  
Started GET "/js/scripts.js" for 127.0.0.1 at 2024-02-05 02:01:30 -0600
  
ActionController::RoutingError (No route matches [GET] "/js/scripts.js"):
  
Started GET "/My%20Info.html" for 127.0.0.1 at 2024-02-05 02:02:50 -0600
  
ActionController::RoutingError (No route matches [GET] "/My%20Info.html"):
  
Started GET "/" for 127.0.0.1 at 2024-02-05 02:03:00 -0600
Processing by MainController#index as HTML
  Rendering layout layouts/application.html.erb
  Rendering main/index.html.erb within layouts/application
  Rendered main/index.html.erb within layouts/application (Duration: 0.5ms | Allocations: 356)
  Rendered layout layouts/application.html.erb (Duration: 8.3ms | Allocations: 14339)
Completed 200 OK in 10ms (Views: 9.5ms | MongoDB: 0.0ms | Allocations: 15148)


Started GET "/css/styles.css" for 127.0.0.1 at 2024-02-05 02:03:00 -0600
Started GET "/js/scripts.js" for 127.0.0.1 at 2024-02-05 02:03:00 -0600
  
ActionController::RoutingError (No route matches [GET] "/css/styles.css"):
  
  
ActionController::RoutingError (No route matches [GET] "/js/scripts.js"):
  
Started GET "/index.html" for 127.0.0.1 at 2024-02-05 02:03:02 -0600
  
ActionController::RoutingError (No route matches [GET] "/index.html"):
  
Started GET "/" for 127.0.0.1 at 2024-02-05 02:03:03 -0600
Processing by MainController#index as HTML
  Rendering layout layouts/application.html.erb
  Rendering main/index.html.erb within layouts/application
  Rendered main/index.html.erb within layouts/application (Duration: 0.1ms | Allocations: 7)
  Rendered layout layouts/application.html.erb (Duration: 2.7ms | Allocations: 1307)
Completed 200 OK in 3ms (Views: 3.1ms | MongoDB: 0.0ms | Allocations: 1530)


Started GET "/css/styles.css" for 127.0.0.1 at 2024-02-05 02:03:03 -0600
  
ActionController::RoutingError (No route matches [GET] "/css/styles.css"):
  
Started GET "/js/scripts.js" for 127.0.0.1 at 2024-02-05 02:03:03 -0600
  
ActionController::RoutingError (No route matches [GET] "/js/scripts.js"):
  
Started GET "/index.html" for 127.0.0.1 at 2024-02-05 09:12:10 -0600
  
ActionController::RoutingError (No route matches [GET] "/index.html"):
  
Started GET "/" for 127.0.0.1 at 2024-02-05 09:12:16 -0600
Processing by MainController#index as HTML
  Rendering layout layouts/application.html.erb
  Rendering main/index.html.erb within layouts/application
  Rendered main/index.html.erb within layouts/application (Duration: 0.1ms | Allocations: 7)
  Rendered layout layouts/application.html.erb (Duration: 4.8ms | Allocations: 1334)
Completed 200 OK in 6ms (Views: 5.6ms | MongoDB: 0.0ms | Allocations: 1557)


Started GET "/css/styles.css" for 127.0.0.1 at 2024-02-05 09:12:16 -0600
Started GET "/js/scripts.js" for 127.0.0.1 at 2024-02-05 09:12:16 -0600
  
ActionController::RoutingError (No route matches [GET] "/css/styles.css"):
  
  
ActionController::RoutingError (No route matches [GET] "/js/scripts.js"):
  
Started GET "/index.html" for 127.0.0.1 at 2024-02-05 09:14:06 -0600
  
ActionController::RoutingError (No route matches [GET] "/index.html"):
  
Started GET "/" for 127.0.0.1 at 2024-02-05 09:15:54 -0600
Processing by MainController#index as HTML
  Rendering layout layouts/application.html.erb
  Rendering main/index.html.erb within layouts/application
  Rendered main/index.html.erb within layouts/application (Duration: 0.8ms | Allocations: 504)
  Rendered layout layouts/application.html.erb (Duration: 8.9ms | Allocations: 14487)
Completed 200 OK in 11ms (Views: 9.9ms | MongoDB: 0.0ms | Allocations: 15339)


Started GET "/css/styles.css" for 127.0.0.1 at 2024-02-05 09:15:55 -0600
  
ActionController::RoutingError (No route matches [GET] "/css/styles.css"):
  
Started GET "/js/scripts.js" for 127.0.0.1 at 2024-02-05 09:15:55 -0600
  
ActionController::RoutingError (No route matches [GET] "/js/scripts.js"):
  
Started GET "/index.html" for 127.0.0.1 at 2024-02-05 09:15:56 -0600
  
ActionController::RoutingError (No route matches [GET] "/index.html"):
  
Started GET "/" for 127.0.0.1 at 2024-02-05 09:15:58 -0600
Processing by MainController#index as HTML
  Rendering layout layouts/application.html.erb
  Rendering main/index.html.erb within layouts/application
  Rendered main/index.html.erb within layouts/application (Duration: 0.2ms | Allocations: 56)
  Rendered layout layouts/application.html.erb (Duration: 3.3ms | Allocations: 1366)
Completed 200 OK in 4ms (Views: 4.0ms | MongoDB: 0.0ms | Allocations: 1589)


Started GET "/css/styles.css" for 127.0.0.1 at 2024-02-05 09:15:58 -0600
  
ActionController::RoutingError (No route matches [GET] "/css/styles.css"):
  
Started GET "/js/scripts.js" for 127.0.0.1 at 2024-02-05 09:15:58 -0600
  
ActionController::RoutingError (No route matches [GET] "/js/scripts.js"):
  
Started GET "/My%20Info.html" for 127.0.0.1 at 2024-02-05 09:16:03 -0600
  
ActionController::RoutingError (No route matches [GET] "/My%20Info.html"):
  
Started GET "/" for 127.0.0.1 at 2024-02-05 09:16:04 -0600
Processing by MainController#index as HTML
  Rendering layout layouts/application.html.erb
  Rendering main/index.html.erb within layouts/application
  Rendered main/index.html.erb within layouts/application (Duration: 0.2ms | Allocations: 56)
  Rendered layout layouts/application.html.erb (Duration: 4.2ms | Allocations: 1351)
Completed 200 OK in 5ms (Views: 5.0ms | MongoDB: 0.0ms | Allocations: 1575)


Started GET "/" for 127.0.0.1 at 2024-02-05 09:16:06 -0600
Processing by MainController#index as HTML
  Rendering layout layouts/application.html.erb
  Rendering main/index.html.erb within layouts/application
  Rendered main/index.html.erb within layouts/application (Duration: 0.2ms | Allocations: 56)
  Rendered layout layouts/application.html.erb (Duration: 2.5ms | Allocations: 1345)
Completed 200 OK in 4ms (Views: 3.1ms | MongoDB: 0.0ms | Allocations: 1569)


Started GET "/" for 127.0.0.1 at 2024-02-05 09:16:06 -0600
Processing by MainController#index as HTML
  Rendering layout layouts/application.html.erb
  Rendering main/index.html.erb within layouts/application
  Rendered main/index.html.erb within layouts/application (Duration: 0.2ms | Allocations: 56)
  Rendered layout layouts/application.html.erb (Duration: 3.2ms | Allocations: 1342)
Completed 200 OK in 4ms (Views: 3.9ms | MongoDB: 0.0ms | Allocations: 1565)


Started GET "/css/styles.css" for 127.0.0.1 at 2024-02-05 09:16:06 -0600
  
ActionController::RoutingError (No route matches [GET] "/css/styles.css"):
  
Started GET "/js/scripts.js" for 127.0.0.1 at 2024-02-05 09:16:06 -0600
  
ActionController::RoutingError (No route matches [GET] "/js/scripts.js"):
  
Started GET "/" for 127.0.0.1 at 2024-02-05 09:16:24 -0600
Processing by MainController#index as HTML
  Rendering layout layouts/application.html.erb
  Rendering main/index.html.erb within layouts/application
  Rendered main/index.html.erb within layouts/application (Duration: 0.7ms | Allocations: 497)
  Rendered layout layouts/application.html.erb (Duration: 9.0ms | Allocations: 14456)
Completed 200 OK in 11ms (Views: 10.3ms | MongoDB: 0.0ms | Allocations: 15308)


Started GET "/css/styles.css" for 127.0.0.1 at 2024-02-05 09:16:24 -0600
Started GET "/js/scripts.js" for 127.0.0.1 at 2024-02-05 09:16:24 -0600
  
ActionController::RoutingError (No route matches [GET] "/css/styles.css"):
  
  
ActionController::RoutingError (No route matches [GET] "/js/scripts.js"):
  
Started GET "/" for 127.0.0.1 at 2024-02-05 09:16:26 -0600
Processing by MainController#index as HTML
  Rendering layout layouts/application.html.erb
  Rendering main/index.html.erb within layouts/application
  Rendered main/index.html.erb within layouts/application (Duration: 0.2ms | Allocations: 56)
  Rendered layout layouts/application.html.erb (Duration: 3.6ms | Allocations: 1363)
Completed 200 OK in 5ms (Views: 4.5ms | MongoDB: 0.0ms | Allocations: 1586)


Started GET "/css/styles.css" for 127.0.0.1 at 2024-02-05 09:16:26 -0600
Started GET "/js/scripts.js" for 127.0.0.1 at 2024-02-05 09:16:26 -0600
  
ActionController::RoutingError (No route matches [GET] "/css/styles.css"):
  
  
ActionController::RoutingError (No route matches [GET] "/js/scripts.js"):
  
Started GET "/faq.html" for 127.0.0.1 at 2024-02-05 09:16:27 -0600
  
ActionController::RoutingError (No route matches [GET] "/faq.html"):
  
Started GET "/" for 127.0.0.1 at 2024-02-05 09:16:29 -0600
Processing by MainController#index as HTML
  Rendering layout layouts/application.html.erb
  Rendering main/index.html.erb within layouts/application
  Rendered main/index.html.erb within layouts/application (Duration: 0.2ms | Allocations: 56)
  Rendered layout layouts/application.html.erb (Duration: 3.6ms | Allocations: 1372)
Completed 200 OK in 5ms (Views: 4.3ms | MongoDB: 0.0ms | Allocations: 1596)


Started GET "/" for 127.0.0.1 at 2024-02-05 09:16:31 -0600
Processing by MainController#index as HTML
  Rendering layout layouts/application.html.erb
  Rendering main/index.html.erb within layouts/application
  Rendered main/index.html.erb within layouts/application (Duration: 3.4ms | Allocations: 56)
  Rendered layout layouts/application.html.erb (Duration: 7.2ms | Allocations: 1351)
Completed 200 OK in 9ms (Views: 8.2ms | MongoDB: 0.0ms | Allocations: 1575)


Started GET "/" for 127.0.0.1 at 2024-02-05 09:16:33 -0600
Processing by MainController#index as HTML
  Rendering layout layouts/application.html.erb
  Rendering main/index.html.erb within layouts/application
  Rendered main/index.html.erb within layouts/application (Duration: 0.2ms | Allocations: 56)
  Rendered layout layouts/application.html.erb (Duration: 3.3ms | Allocations: 1357)
Completed 200 OK in 5ms (Views: 4.1ms | MongoDB: 0.0ms | Allocations: 1580)


Started GET "/css/styles.css" for 127.0.0.1 at 2024-02-05 09:16:33 -0600
  
ActionController::RoutingError (No route matches [GET] "/css/styles.css"):
  
Started GET "/js/scripts.js" for 127.0.0.1 at 2024-02-05 09:16:33 -0600
  
ActionController::RoutingError (No route matches [GET] "/js/scripts.js"):
  
Started GET "/My%20Info.html" for 127.0.0.1 at 2024-02-05 09:16:35 -0600
  
ActionController::RoutingError (No route matches [GET] "/My%20Info.html"):
  
Started GET "/" for 127.0.0.1 at 2024-02-05 09:16:36 -0600
Processing by MainController#index as HTML
  Rendering layout layouts/application.html.erb
  Rendering main/index.html.erb within layouts/application
  Rendered main/index.html.erb within layouts/application (Duration: 0.2ms | Allocations: 56)
  Rendered layout layouts/application.html.erb (Duration: 2.8ms | Allocations: 1369)
Completed 200 OK in 4ms (Views: 3.5ms | MongoDB: 0.0ms | Allocations: 1592)


Started GET "/css/styles.css" for 127.0.0.1 at 2024-02-05 09:16:36 -0600
  
ActionController::RoutingError (No route matches [GET] "/css/styles.css"):
  
Started GET "/js/scripts.js" for 127.0.0.1 at 2024-02-05 09:16:36 -0600
  
ActionController::RoutingError (No route matches [GET] "/js/scripts.js"):
  
Started GET "/" for 127.0.0.1 at 2024-02-05 09:17:42 -0600
Processing by MainController#index as HTML
  Rendering layout layouts/application.html.erb
  Rendering main/index.html.erb within layouts/application
  Rendered main/index.html.erb within layouts/application (Duration: 1.1ms | Allocations: 501)
  Rendered layout layouts/application.html.erb (Duration: 14.0ms | Allocations: 14466)
Completed 200 OK in 17ms (Views: 16.2ms | MongoDB: 0.0ms | Allocations: 15320)


Started GET "/css/styles.css" for 127.0.0.1 at 2024-02-05 09:17:42 -0600
Started GET "/js/scripts.js" for 127.0.0.1 at 2024-02-05 09:17:42 -0600
  
ActionController::RoutingError (No route matches [GET] "/css/styles.css"):
  
  
ActionController::RoutingError (No route matches [GET] "/js/scripts.js"):
  
Started GET "/app/views/main/Categories.html" for 127.0.0.1 at 2024-02-05 09:17:43 -0600
  
ActionController::RoutingError (No route matches [GET] "/app/views/main/Categories.html"):
  
Started GET "/" for 127.0.0.1 at 2024-02-05 09:18:52 -0600
Processing by MainController#index as HTML
  Rendering layout layouts/application.html.erb
  Rendering main/index.html.erb within layouts/application
  Rendered main/index.html.erb within layouts/application (Duration: 0.7ms | Allocations: 590)
  Rendered layout layouts/application.html.erb (Duration: 8.5ms | Allocations: 14554)
Completed 200 OK in 10ms (Views: 9.4ms | MongoDB: 0.0ms | Allocations: 15407)


Started GET "/" for 127.0.0.1 at 2024-02-05 09:18:52 -0600
Processing by MainController#index as HTML
  Rendering layout layouts/application.html.erb
  Rendering main/index.html.erb within layouts/application
  Rendered main/index.html.erb within layouts/application (Duration: 0.5ms | Allocations: 101)
  Rendered layout layouts/application.html.erb (Duration: 3.4ms | Allocations: 1390)
Completed 200 OK in 4ms (Views: 4.0ms | MongoDB: 0.0ms | Allocations: 1615)


Started GET "/" for 127.0.0.1 at 2024-02-05 09:18:53 -0600
Processing by MainController#index as HTML
  Rendering layout layouts/application.html.erb
  Rendering main/index.html.erb within layouts/application
  Rendered main/index.html.erb within layouts/application (Duration: 0.4ms | Allocations: 101)
  Rendered layout layouts/application.html.erb (Duration: 5.2ms | Allocations: 1402)
Completed 200 OK in 8ms (Views: 7.2ms | MongoDB: 0.0ms | Allocations: 1626)


Started GET "/css/styles.css" for 127.0.0.1 at 2024-02-05 09:18:53 -0600
Started GET "/js/scripts.js" for 127.0.0.1 at 2024-02-05 09:18:53 -0600
  
ActionController::RoutingError (No route matches [GET] "/css/styles.css"):
  
  
ActionController::RoutingError (No route matches [GET] "/js/scripts.js"):
  
Started GET "/My%20Info.html" for 127.0.0.1 at 2024-02-05 09:18:55 -0600
  
ActionController::RoutingError (No route matches [GET] "/My%20Info.html"):
  
Started GET "/" for 127.0.0.1 at 2024-02-05 09:18:59 -0600
Processing by MainController#index as HTML
  Rendering layout layouts/application.html.erb
  Rendering main/index.html.erb within layouts/application
  Rendered main/index.html.erb within layouts/application (Duration: 0.3ms | Allocations: 101)
  Rendered layout layouts/application.html.erb (Duration: 4.1ms | Allocations: 1414)
Completed 200 OK in 6ms (Views: 5.2ms | MongoDB: 0.0ms | Allocations: 1637)


Started GET "/css/styles.css" for 127.0.0.1 at 2024-02-05 09:19:00 -0600
Started GET "/js/scripts.js" for 127.0.0.1 at 2024-02-05 09:19:00 -0600
  
ActionController::RoutingError (No route matches [GET] "/css/styles.css"):
  
  
ActionController::RoutingError (No route matches [GET] "/js/scripts.js"):
  
Started GET "/" for 127.0.0.1 at 2024-02-05 09:19:14 -0600
Processing by MainController#index as HTML
  Rendering layout layouts/application.html.erb
  Rendering main/index.html.erb within layouts/application
  Rendered main/index.html.erb within layouts/application (Duration: 1.2ms | Allocations: 559)
  Rendered layout layouts/application.html.erb (Duration: 13.2ms | Allocations: 14532)
Completed 200 OK in 16ms (Views: 14.7ms | MongoDB: 0.0ms | Allocations: 15382)


Started GET "/css/styles.css" for 127.0.0.1 at 2024-02-05 09:19:14 -0600
Started GET "/js/scripts.js" for 127.0.0.1 at 2024-02-05 09:19:14 -0600
  
ActionController::RoutingError (No route matches [GET] "/css/styles.css"):
  
  
ActionController::RoutingError (No route matches [GET] "/js/scripts.js"):
  
Started GET "/" for 127.0.0.1 at 2024-02-05 09:20:02 -0600
Processing by MainController#index as HTML
  Rendering layout layouts/application.html.erb
  Rendering main/index.html.erb within layouts/application
  Rendered main/index.html.erb within layouts/application (Duration: 0.4ms | Allocations: 101)
  Rendered layout layouts/application.html.erb (Duration: 4.5ms | Allocations: 1408)
Completed 200 OK in 6ms (Views: 5.5ms | MongoDB: 0.0ms | Allocations: 1631)


Started GET "/css/styles.css" for 127.0.0.1 at 2024-02-05 09:20:02 -0600
  
ActionController::RoutingError (No route matches [GET] "/css/styles.css"):
  
Started GET "/js/scripts.js" for 127.0.0.1 at 2024-02-05 09:20:02 -0600
  
ActionController::RoutingError (No route matches [GET] "/js/scripts.js"):
  
Started GET "/" for 127.0.0.1 at 2024-02-05 09:20:04 -0600
Processing by MainController#index as HTML
  Rendering layout layouts/application.html.erb
  Rendering main/index.html.erb within layouts/application
  Rendered main/index.html.erb within layouts/application (Duration: 1.0ms | Allocations: 561)
  Rendered layout layouts/application.html.erb (Duration: 10.3ms | Allocations: 14516)
Completed 200 OK in 14ms (Views: 12.4ms | MongoDB: 0.0ms | Allocations: 15366)


Started GET "/css/styles.css" for 127.0.0.1 at 2024-02-05 09:20:04 -0600
Started GET "/js/scripts.js" for 127.0.0.1 at 2024-02-05 09:20:04 -0600
  
ActionController::RoutingError (No route matches [GET] "/css/styles.css"):
  
  
ActionController::RoutingError (No route matches [GET] "/js/scripts.js"):
  
Started GET "/" for 127.0.0.1 at 2024-02-05 09:20:05 -0600
Processing by MainController#index as HTML
  Rendering layout layouts/application.html.erb
  Rendering main/index.html.erb within layouts/application
  Rendered main/index.html.erb within layouts/application (Duration: 0.4ms | Allocations: 101)
  Rendered layout layouts/application.html.erb (Duration: 4.2ms | Allocations: 1399)
Completed 200 OK in 6ms (Views: 5.2ms | MongoDB: 0.0ms | Allocations: 1622)


Started GET "/css/styles.css" for 127.0.0.1 at 2024-02-05 09:20:05 -0600
Started GET "/js/scripts.js" for 127.0.0.1 at 2024-02-05 09:20:05 -0600
  
ActionController::RoutingError (No route matches [GET] "/css/styles.css"):
  
  
ActionController::RoutingError (No route matches [GET] "/js/scripts.js"):
  
Started GET "/index.html" for 127.0.0.1 at 2024-02-05 09:20:06 -0600
  
ActionController::RoutingError (No route matches [GET] "/index.html"):
  
Started GET "/" for 127.0.0.1 at 2024-02-05 09:20:08 -0600
Processing by MainController#index as HTML
  Rendering layout layouts/application.html.erb
  Rendering main/index.html.erb within layouts/application
  Rendered main/index.html.erb within layouts/application (Duration: 0.4ms | Allocations: 101)
  Rendered layout layouts/application.html.erb (Duration: 3.3ms | Allocations: 1396)
Completed 200 OK in 4ms (Views: 4.0ms | MongoDB: 0.0ms | Allocations: 1619)


Started GET "/css/styles.css" for 127.0.0.1 at 2024-02-05 09:20:08 -0600
  
ActionController::RoutingError (No route matches [GET] "/css/styles.css"):
  
Started GET "/js/scripts.js" for 127.0.0.1 at 2024-02-05 09:20:08 -0600
  
ActionController::RoutingError (No route matches [GET] "/js/scripts.js"):
  
Started GET "/" for 127.0.0.1 at 2024-02-05 09:20:21 -0600
Processing by MainController#index as HTML
  Rendering layout layouts/application.html.erb
  Rendering main/index.html.erb within layouts/application
  Rendered main/index.html.erb within layouts/application (Duration: 0.6ms | Allocations: 357)
  Rendered layout layouts/application.html.erb (Duration: 9.8ms | Allocations: 14318)
Completed 200 OK in 12ms (Views: 11.1ms | MongoDB: 0.0ms | Allocations: 15168)


Started GET "/css/styles.css" for 127.0.0.1 at 2024-02-05 09:20:21 -0600
Started GET "/js/scripts.js" for 127.0.0.1 at 2024-02-05 09:20:21 -0600
  
ActionController::RoutingError (No route matches [GET] "/css/styles.css"):
  
  
ActionController::RoutingError (No route matches [GET] "/js/scripts.js"):
  
Started GET "/index.html" for 127.0.0.1 at 2024-02-05 09:20:23 -0600
  
ActionController::RoutingError (No route matches [GET] "/index.html"):
  
Started GET "/" for 127.0.0.1 at 2024-02-05 09:26:33 -0600
Processing by MainController#index as HTML
  Rendering layout layouts/application.html.erb
  Rendering main/index.html.erb within layouts/application
  Rendered main/index.html.erb within layouts/application (Duration: 0.8ms | Allocations: 480)
  Rendered layout layouts/application.html.erb (Duration: 8.8ms | Allocations: 14461)
Completed 200 OK in 10ms (Views: 9.7ms | MongoDB: 0.0ms | Allocations: 15316)


Started GET "/css/styles.css" for 127.0.0.1 at 2024-02-05 09:26:33 -0600
Started GET "/js/scripts.js" for 127.0.0.1 at 2024-02-05 09:26:33 -0600
  
ActionController::RoutingError (No route matches [GET] "/css/styles.css"):
  
  
ActionController::RoutingError (No route matches [GET] "/js/scripts.js"):
  
Started GET "/" for 127.0.0.1 at 2024-02-05 09:26:35 -0600
Processing by MainController#index as HTML
  Rendering layout layouts/application.html.erb
  Rendering main/index.html.erb within layouts/application
  Rendered main/index.html.erb within layouts/application (Duration: 0.3ms | Allocations: 59)
  Rendered layout layouts/application.html.erb (Duration: 2.5ms | Allocations: 1366)
Completed 200 OK in 3ms (Views: 3.1ms | MongoDB: 0.0ms | Allocations: 1590)


Started GET "/css/styles.css" for 127.0.0.1 at 2024-02-05 09:26:35 -0600
Started GET "/js/scripts.js" for 127.0.0.1 at 2024-02-05 09:26:35 -0600
  
ActionController::RoutingError (No route matches [GET] "/css/styles.css"):
  
  
ActionController::RoutingError (No route matches [GET] "/js/scripts.js"):
  
Started GET "/my_info" for 127.0.0.1 at 2024-02-05 09:26:36 -0600
Processing by MainController#my_info as HTML
  Rendering layout layouts/application.html.erb
  Rendering main/my_info.html.erb within layouts/application
  Rendered main/my_info.html.erb within layouts/application (Duration: 0.7ms | Allocations: 138)
  Rendered layout layouts/application.html.erb (Duration: 2.8ms | Allocations: 1446)
Completed 200 OK in 4ms (Views: 3.3ms | MongoDB: 0.0ms | Allocations: 1671)


Started GET "/css/styles.css" for 127.0.0.1 at 2024-02-05 09:26:36 -0600
  
ActionController::RoutingError (No route matches [GET] "/css/styles.css"):
  
Started GET "/My%20Info.html" for 127.0.0.1 at 2024-02-05 09:26:58 -0600
  
ActionController::RoutingError (No route matches [GET] "/My%20Info.html"):
  
Started GET "/my_info" for 127.0.0.1 at 2024-02-05 09:27:00 -0600
Processing by MainController#my_info as HTML
  Rendering layout layouts/application.html.erb
  Rendering main/my_info.html.erb within layouts/application
  Rendered main/my_info.html.erb within layouts/application (Duration: 1.7ms | Allocations: 140)
  Rendered layout layouts/application.html.erb (Duration: 11.7ms | Allocations: 14114)
Completed 200 OK in 15ms (Views: 14.2ms | MongoDB: 0.0ms | Allocations: 14725)


Started GET "/css/styles.css" for 127.0.0.1 at 2024-02-05 09:27:00 -0600
  
ActionController::RoutingError (No route matches [GET] "/css/styles.css"):
  
Started GET "/My%20Info.html" for 127.0.0.1 at 2024-02-05 09:27:19 -0600
  
ActionController::RoutingError (No route matches [GET] "/My%20Info.html"):
  
Started GET "/my_info" for 127.0.0.1 at 2024-02-05 09:27:21 -0600
Processing by MainController#my_info as HTML
  Rendering layout layouts/application.html.erb
  Rendering main/my_info.html.erb within layouts/application
  Rendered main/my_info.html.erb within layouts/application (Duration: 0.7ms | Allocations: 140)
  Rendered layout layouts/application.html.erb (Duration: 10.5ms | Allocations: 14147)
Completed 200 OK in 13ms (Views: 12.8ms | MongoDB: 0.0ms | Allocations: 14759)


Started GET "/css/styles.css" for 127.0.0.1 at 2024-02-05 09:27:21 -0600
  
ActionController::RoutingError (No route matches [GET] "/css/styles.css"):
  
Started GET "/My%20Info.html" for 127.0.0.1 at 2024-02-05 09:27:22 -0600
  
ActionController::RoutingError (No route matches [GET] "/My%20Info.html"):
  
Started GET "/my_info" for 127.0.0.1 at 2024-02-05 09:27:24 -0600
Processing by MainController#my_info as HTML
  Rendering layout layouts/application.html.erb
  Rendering main/my_info.html.erb within layouts/application
  Rendered main/my_info.html.erb within layouts/application (Duration: 0.1ms | Allocations: 7)
  Rendered layout layouts/application.html.erb (Duration: 3.1ms | Allocations: 1307)
Completed 200 OK in 4ms (Views: 3.8ms | MongoDB: 0.0ms | Allocations: 1531)


Started GET "/css/styles.css" for 127.0.0.1 at 2024-02-05 09:27:24 -0600
  
ActionController::RoutingError (No route matches [GET] "/css/styles.css"):
  
Started GET "/index.html" for 127.0.0.1 at 2024-02-05 09:27:25 -0600
  
ActionController::RoutingError (No route matches [GET] "/index.html"):
  
Started GET "/my_info" for 127.0.0.1 at 2024-02-05 09:27:27 -0600
Processing by MainController#my_info as HTML
  Rendering layout layouts/application.html.erb
  Rendering main/my_info.html.erb within layouts/application
  Rendered main/my_info.html.erb within layouts/application (Duration: 0.1ms | Allocations: 7)
  Rendered layout layouts/application.html.erb (Duration: 3.3ms | Allocations: 1322)
Completed 200 OK in 5ms (Views: 4.2ms | MongoDB: 0.0ms | Allocations: 1546)


Started GET "/css/styles.css" for 127.0.0.1 at 2024-02-05 09:27:27 -0600
  
ActionController::RoutingError (No route matches [GET] "/css/styles.css"):
  
Started GET "/index.html" for 127.0.0.1 at 2024-02-05 09:28:07 -0600
  
ActionController::RoutingError (No route matches [GET] "/index.html"):
  
Started GET "/my_info" for 127.0.0.1 at 2024-02-05 09:28:08 -0600
Processing by MainController#my_info as HTML
  Rendering layout layouts/application.html.erb
  Rendering main/my_info.html.erb within layouts/application
  Rendered main/my_info.html.erb within layouts/application (Duration: 0.4ms | Allocations: 140)
  Rendered layout layouts/application.html.erb (Duration: 9.7ms | Allocations: 14117)
Completed 200 OK in 11ms (Views: 11.0ms | MongoDB: 0.0ms | Allocations: 14728)


Started GET "/css/styles.css" for 127.0.0.1 at 2024-02-05 09:28:08 -0600
  
ActionController::RoutingError (No route matches [GET] "/css/styles.css"):
  
Started GET "/" for 127.0.0.1 at 2024-02-05 09:28:09 -0600
Processing by MainController#index as HTML
  Rendering layout layouts/application.html.erb
  Rendering main/index.html.erb within layouts/application
  Rendered main/index.html.erb within layouts/application (Duration: 1.3ms | Allocations: 546)
  Rendered layout layouts/application.html.erb (Duration: 4.4ms | Allocations: 1853)
Completed 200 OK in 6ms (Views: 5.2ms | MongoDB: 0.0ms | Allocations: 2144)


Started GET "/js/scripts.js" for 127.0.0.1 at 2024-02-05 09:28:09 -0600
Started GET "/css/styles.css" for 127.0.0.1 at 2024-02-05 09:28:09 -0600
  
ActionController::RoutingError (No route matches [GET] "/js/scripts.js"):
  
  
ActionController::RoutingError (No route matches [GET] "/css/styles.css"):
  
Started GET "/" for 127.0.0.1 at 2024-02-05 09:28:10 -0600
Processing by MainController#index as HTML
  Rendering layout layouts/application.html.erb
  Rendering main/index.html.erb within layouts/application
  Rendered main/index.html.erb within layouts/application (Duration: 0.3ms | Allocations: 99)
  Rendered layout layouts/application.html.erb (Duration: 2.3ms | Allocations: 1397)
Completed 200 OK in 3ms (Views: 2.8ms | MongoDB: 0.0ms | Allocations: 1621)


Started GET "/css/styles.css" for 127.0.0.1 at 2024-02-05 09:28:10 -0600
Started GET "/js/scripts.js" for 127.0.0.1 at 2024-02-05 09:28:10 -0600
  
ActionController::RoutingError (No route matches [GET] "/js/scripts.js"):
  
  
ActionController::RoutingError (No route matches [GET] "/css/styles.css"):
  
Started GET "/my_info" for 127.0.0.1 at 2024-02-05 09:28:11 -0600
Processing by MainController#my_info as HTML
  Rendering layout layouts/application.html.erb
  Rendering main/my_info.html.erb within layouts/application
  Rendered main/my_info.html.erb within layouts/application (Duration: 0.1ms | Allocations: 7)
  Rendered layout layouts/application.html.erb (Duration: 3.4ms | Allocations: 1310)
Completed 200 OK in 4ms (Views: 4.2ms | MongoDB: 0.0ms | Allocations: 1537)


Started GET "/css/styles.css" for 127.0.0.1 at 2024-02-05 09:28:11 -0600
  
ActionController::RoutingError (No route matches [GET] "/css/styles.css"):
  
Started GET "/css/styles.css" for 127.0.0.1 at 2024-02-05 09:28:13 -0600
  
ActionController::RoutingError (No route matches [GET] "/css/styles.css"):
  
Started GET "/js/scripts.js" for 127.0.0.1 at 2024-02-05 09:28:13 -0600
  
ActionController::RoutingError (No route matches [GET] "/js/scripts.js"):
  
Started GET "/" for 127.0.0.1 at 2024-02-05 09:29:10 -0600
Started GET "/css/styles.css" for 127.0.0.1 at 2024-02-05 09:29:10 -0600
Processing by MainController#index as HTML
  Rendering layout layouts/application.html.erb
  Rendering main/index.html.erb within layouts/application
  Rendered main/index.html.erb within layouts/application (Duration: 1.0ms | Allocations: 555)
  Rendered layout layouts/application.html.erb (Duration: 12.8ms | Allocations: 14523)
Completed 200 OK in 16ms (Views: 14.4ms | MongoDB: 0.0ms | Allocations: 15379)


  
ActionController::RoutingError (No route matches [GET] "/css/styles.css"):
  
Started GET "/js/scripts.js" for 127.0.0.1 at 2024-02-05 09:29:10 -0600
  
ActionController::RoutingError (No route matches [GET] "/js/scripts.js"):
  
Started GET "/my_info" for 127.0.0.1 at 2024-02-05 09:29:11 -0600
Processing by MainController#my_info as HTML
  Rendering layout layouts/application.html.erb
  Rendering main/my_info.html.erb within layouts/application
  Rendered main/my_info.html.erb within layouts/application (Duration: 0.6ms | Allocations: 338)
  Rendered layout layouts/application.html.erb (Duration: 9.2ms | Allocations: 14312)
Completed 200 OK in 12ms (Views: 11.5ms | MongoDB: 0.0ms | Allocations: 15035)


Started GET "/css/styles.css" for 127.0.0.1 at 2024-02-05 09:29:11 -0600
  
ActionController::RoutingError (No route matches [GET] "/css/styles.css"):
  
Started GET "/categories" for 127.0.0.1 at 2024-02-05 09:29:11 -0600
Processing by MainController#categories as HTML
  Rendering layout layouts/application.html.erb
  Rendering main/categories.html.erb within layouts/application
  Rendered main/categories.html.erb within layouts/application (Duration: 0.9ms | Allocations: 302)
  Rendered layout layouts/application.html.erb (Duration: 2.9ms | Allocations: 1600)
Completed 200 OK in 4ms (Views: 3.4ms | MongoDB: 0.0ms | Allocations: 1825)


Started GET "/css/styles.css" for 127.0.0.1 at 2024-02-05 09:29:11 -0600
  
ActionController::RoutingError (No route matches [GET] "/css/styles.css"):
  
Started GET "/faq" for 127.0.0.1 at 2024-02-05 09:29:12 -0600
Processing by MainController#faq as HTML
  Rendering layout layouts/application.html.erb
  Rendering main/faq.html.erb within layouts/application
  Rendered main/faq.html.erb within layouts/application (Duration: 1.4ms | Allocations: 456)
  Rendered layout layouts/application.html.erb (Duration: 3.8ms | Allocations: 1760)
Completed 200 OK in 5ms (Views: 4.3ms | MongoDB: 0.0ms | Allocations: 1985)


Started GET "/css/styles.css" for 127.0.0.1 at 2024-02-05 09:29:12 -0600
Started GET "/js/scripts.js" for 127.0.0.1 at 2024-02-05 09:29:12 -0600
  
ActionController::RoutingError (No route matches [GET] "/css/styles.css"):
  
  
ActionController::RoutingError (No route matches [GET] "/js/scripts.js"):
  
Started GET "/my_info" for 127.0.0.1 at 2024-02-05 09:29:12 -0600
Processing by MainController#my_info as HTML
  Rendering layout layouts/application.html.erb
  Rendering main/my_info.html.erb within layouts/application
  Rendered main/my_info.html.erb within layouts/application (Duration: 0.3ms | Allocations: 99)
  Rendered layout layouts/application.html.erb (Duration: 2.6ms | Allocations: 1412)
Completed 200 OK in 3ms (Views: 3.1ms | MongoDB: 0.0ms | Allocations: 1639)


Started GET "/css/styles.css" for 127.0.0.1 at 2024-02-05 09:29:13 -0600
  
ActionController::RoutingError (No route matches [GET] "/css/styles.css"):
  
Started GET "/" for 127.0.0.1 at 2024-02-05 09:29:13 -0600
Processing by MainController#index as HTML
  Rendering layout layouts/application.html.erb
  Rendering main/index.html.erb within layouts/application
  Rendered main/index.html.erb within layouts/application (Duration: 1.2ms | Allocations: 518)
  Rendered layout layouts/application.html.erb (Duration: 3.5ms | Allocations: 1819)
Completed 200 OK in 5ms (Views: 4.2ms | MongoDB: 0.0ms | Allocations: 2110)


Started GET "/css/styles.css" for 127.0.0.1 at 2024-02-05 09:29:13 -0600
  
ActionController::RoutingError (No route matches [GET] "/css/styles.css"):
  
Started GET "/js/scripts.js" for 127.0.0.1 at 2024-02-05 09:29:13 -0600
  
ActionController::RoutingError (No route matches [GET] "/js/scripts.js"):
  
Started GET "/my_info" for 127.0.0.1 at 2024-02-05 09:29:14 -0600
Processing by MainController#my_info as HTML
  Rendering layout layouts/application.html.erb
  Rendering main/my_info.html.erb within layouts/application
  Rendered main/my_info.html.erb within layouts/application (Duration: 0.3ms | Allocations: 99)
  Rendered layout layouts/application.html.erb (Duration: 2.5ms | Allocations: 1412)
Completed 200 OK in 3ms (Views: 3.1ms | MongoDB: 0.0ms | Allocations: 1637)


Started GET "/css/styles.css" for 127.0.0.1 at 2024-02-05 09:29:14 -0600
  
ActionController::RoutingError (No route matches [GET] "/css/styles.css"):
  
Started GET "/categories" for 127.0.0.1 at 2024-02-05 09:29:14 -0600
Processing by MainController#categories as HTML
  Rendering layout layouts/application.html.erb
  Rendering main/categories.html.erb within layouts/application
  Rendered main/categories.html.erb within layouts/application (Duration: 0.3ms | Allocations: 99)
  Rendered layout layouts/application.html.erb (Duration: 2.8ms | Allocations: 1406)
Completed 200 OK in 4ms (Views: 3.5ms | MongoDB: 0.0ms | Allocations: 1631)


Started GET "/css/styles.css" for 127.0.0.1 at 2024-02-05 09:29:14 -0600
  
ActionController::RoutingError (No route matches [GET] "/css/styles.css"):
  
Started GET "/index.html" for 127.0.0.1 at 2024-02-05 09:29:17 -0600
  
ActionController::RoutingError (No route matches [GET] "/index.html"):
  
Started GET "/categories" for 127.0.0.1 at 2024-02-05 09:29:18 -0600
Processing by MainController#categories as HTML
  Rendering layout layouts/application.html.erb
  Rendering main/categories.html.erb within layouts/application
  Rendered main/categories.html.erb within layouts/application (Duration: 0.5ms | Allocations: 99)
  Rendered layout layouts/application.html.erb (Duration: 5.0ms | Allocations: 1412)
Completed 200 OK in 8ms (Views: 8.0ms | MongoDB: 0.0ms | Allocations: 1636)


Started GET "/css/styles.css" for 127.0.0.1 at 2024-02-05 09:29:18 -0600
  
ActionController::RoutingError (No route matches [GET] "/css/styles.css"):
  
Started GET "/index.html" for 127.0.0.1 at 2024-02-05 09:30:50 -0600
  
ActionController::RoutingError (No route matches [GET] "/index.html"):
  
Started GET "/categories" for 127.0.0.1 at 2024-02-05 09:30:52 -0600
Processing by MainController#categories as HTML
  Rendering layout layouts/application.html.erb
  Rendering main/categories.html.erb within layouts/application
  Rendered main/categories.html.erb within layouts/application (Duration: 0.6ms | Allocations: 336)
  Rendered layout layouts/application.html.erb (Duration: 7.6ms | Allocations: 14295)
Completed 200 OK in 9ms (Views: 8.7ms | MongoDB: 0.0ms | Allocations: 14904)


Started GET "/css/styles.css" for 127.0.0.1 at 2024-02-05 09:30:52 -0600
  
ActionController::RoutingError (No route matches [GET] "/css/styles.css"):
  
Started GET "/index.html" for 127.0.0.1 at 2024-02-05 09:31:06 -0600
  
ActionController::RoutingError (No route matches [GET] "/index.html"):
  
Started GET "/categories" for 127.0.0.1 at 2024-02-05 09:31:08 -0600
Processing by MainController#categories as HTML
  Rendering layout layouts/application.html.erb
  Rendering main/categories.html.erb within layouts/application
  Rendered main/categories.html.erb within layouts/application (Duration: 0.9ms | Allocations: 336)
  Rendered layout layouts/application.html.erb (Duration: 10.9ms | Allocations: 14304)
Completed 200 OK in 14ms (Views: 13.5ms | MongoDB: 0.0ms | Allocations: 14913)


Started GET "/css/styles.css" for 127.0.0.1 at 2024-02-05 09:31:08 -0600
  
ActionController::RoutingError (No route matches [GET] "/css/styles.css"):
  
Started GET "/" for 127.0.0.1 at 2024-02-05 09:31:10 -0600
Processing by MainController#index as HTML
  Rendering layout layouts/application.html.erb
  Rendering main/index.html.erb within layouts/application
  Rendered main/index.html.erb within layouts/application (Duration: 1.3ms | Allocations: 553)
  Rendered layout layouts/application.html.erb (Duration: 3.3ms | Allocations: 1881)
Completed 200 OK in 4ms (Views: 3.8ms | MongoDB: 0.0ms | Allocations: 2172)


Started GET "/css/styles.css" for 127.0.0.1 at 2024-02-05 09:31:10 -0600
  
ActionController::RoutingError (No route matches [GET] "/css/styles.css"):
  
Started GET "/js/scripts.js" for 127.0.0.1 at 2024-02-05 09:31:10 -0600
  
ActionController::RoutingError (No route matches [GET] "/js/scripts.js"):
  
Started GET "/" for 127.0.0.1 at 2024-02-05 09:31:12 -0600
Processing by MainController#index as HTML
  Rendering layout layouts/application.html.erb
  Rendering main/index.html.erb within layouts/application
  Rendered main/index.html.erb within layouts/application (Duration: 0.4ms | Allocations: 117)
  Rendered layout layouts/application.html.erb (Duration: 2.6ms | Allocations: 1418)
Completed 200 OK in 4ms (Views: 3.2ms | MongoDB: 0.0ms | Allocations: 1642)


Started GET "/css/styles.css" for 127.0.0.1 at 2024-02-05 09:31:12 -0600
Started GET "/js/scripts.js" for 127.0.0.1 at 2024-02-05 09:31:12 -0600
  
ActionController::RoutingError (No route matches [GET] "/css/styles.css"):
  
  
ActionController::RoutingError (No route matches [GET] "/js/scripts.js"):
  
Started GET "/" for 127.0.0.1 at 2024-02-05 09:31:13 -0600
Processing by MainController#index as HTML
  Rendering layout layouts/application.html.erb
  Rendering main/index.html.erb within layouts/application
  Rendered main/index.html.erb within layouts/application (Duration: 0.3ms | Allocations: 117)
  Rendered layout layouts/application.html.erb (Duration: 3.6ms | Allocations: 1418)
Completed 200 OK in 5ms (Views: 4.3ms | MongoDB: 0.0ms | Allocations: 1642)


Started GET "/css/styles.css" for 127.0.0.1 at 2024-02-05 09:31:13 -0600
Started GET "/js/scripts.js" for 127.0.0.1 at 2024-02-05 09:31:13 -0600
  
ActionController::RoutingError (No route matches [GET] "/css/styles.css"):
  
  
ActionController::RoutingError (No route matches [GET] "/js/scripts.js"):
  
Started GET "/" for 127.0.0.1 at 2024-02-05 09:31:13 -0600
Processing by MainController#index as HTML
  Rendering layout layouts/application.html.erb
  Rendering main/index.html.erb within layouts/application
  Rendered main/index.html.erb within layouts/application (Duration: 0.4ms | Allocations: 117)
  Rendered layout layouts/application.html.erb (Duration: 3.1ms | Allocations: 1427)
Completed 200 OK in 4ms (Views: 3.9ms | MongoDB: 0.0ms | Allocations: 1651)


Started GET "/css/styles.css" for 127.0.0.1 at 2024-02-05 09:31:13 -0600
Started GET "/js/scripts.js" for 127.0.0.1 at 2024-02-05 09:31:13 -0600
  
ActionController::RoutingError (No route matches [GET] "/css/styles.css"):
  
  
ActionController::RoutingError (No route matches [GET] "/js/scripts.js"):
  
Started GET "/my_info" for 127.0.0.1 at 2024-02-05 09:31:33 -0600
Processing by MainController#my_info as HTML
  Rendering layout layouts/application.html.erb
  Rendering main/my_info.html.erb within layouts/application
  Rendered main/my_info.html.erb within layouts/application (Duration: 5.4ms | Allocations: 372)
  Rendered layout layouts/application.html.erb (Duration: 55.6ms | Allocations: 14330)
Completed 200 OK in 61ms (Views: 60.6ms | MongoDB: 0.0ms | Allocations: 14983)


Started GET "/css/styles.css" for 127.0.0.1 at 2024-02-05 09:31:33 -0600
  
ActionController::RoutingError (No route matches [GET] "/css/styles.css"):
  
Started GET "/" for 127.0.0.1 at 2024-02-05 09:31:34 -0600
Processing by MainController#index as HTML
  Rendering layout layouts/application.html.erb
  Rendering main/index.html.erb within layouts/application
  Rendered main/index.html.erb within layouts/application (Duration: 1.3ms | Allocations: 551)
  Rendered layout layouts/application.html.erb (Duration: 4.4ms | Allocations: 1852)
Completed 200 OK in 6ms (Views: 5.3ms | MongoDB: 0.0ms | Allocations: 2143)


Started GET "/css/styles.css" for 127.0.0.1 at 2024-02-05 09:31:34 -0600
  
ActionController::RoutingError (No route matches [GET] "/css/styles.css"):
  
Started GET "/js/scripts.js" for 127.0.0.1 at 2024-02-05 09:31:34 -0600
  
ActionController::RoutingError (No route matches [GET] "/js/scripts.js"):
  
Started GET "/categories" for 127.0.0.1 at 2024-02-05 09:31:35 -0600
Processing by MainController#categories as HTML
  Rendering layout layouts/application.html.erb
  Rendering main/categories.html.erb within layouts/application
  Rendered main/categories.html.erb within layouts/application (Duration: 1.4ms | Allocations: 335)
  Rendered layout layouts/application.html.erb (Duration: 4.2ms | Allocations: 1657)
Completed 200 OK in 5ms (Views: 4.8ms | MongoDB: 0.0ms | Allocations: 1882)


Started GET "/css/styles.css" for 127.0.0.1 at 2024-02-05 09:31:35 -0600
  
ActionController::RoutingError (No route matches [GET] "/css/styles.css"):
  
Started GET "/" for 127.0.0.1 at 2024-02-05 09:31:36 -0600
Processing by MainController#index as HTML
  Rendering layout layouts/application.html.erb
  Rendering main/index.html.erb within layouts/application
  Rendered main/index.html.erb within layouts/application (Duration: 0.3ms | Allocations: 117)
  Rendered layout layouts/application.html.erb (Duration: 2.8ms | Allocations: 1430)
Completed 200 OK in 4ms (Views: 3.5ms | MongoDB: 0.0ms | Allocations: 1654)


Started GET "/css/styles.css" for 127.0.0.1 at 2024-02-05 09:31:36 -0600
  
ActionController::RoutingError (No route matches [GET] "/css/styles.css"):
  
Started GET "/js/scripts.js" for 127.0.0.1 at 2024-02-05 09:31:36 -0600
  
ActionController::RoutingError (No route matches [GET] "/js/scripts.js"):
  
Started GET "/faq" for 127.0.0.1 at 2024-02-05 09:31:37 -0600
Processing by MainController#faq as HTML
  Rendering layout layouts/application.html.erb
  Rendering main/faq.html.erb within layouts/application
  Rendered main/faq.html.erb within layouts/application (Duration: 1.1ms | Allocations: 490)
  Rendered layout layouts/application.html.erb (Duration: 7.5ms | Allocations: 1791)
Completed 200 OK in 8ms (Views: 8.1ms | MongoDB: 0.0ms | Allocations: 2018)


Started GET "/css/styles.css" for 127.0.0.1 at 2024-02-05 09:31:37 -0600
Started GET "/js/scripts.js" for 127.0.0.1 at 2024-02-05 09:31:37 -0600
  
ActionController::RoutingError (No route matches [GET] "/css/styles.css"):
  
  
ActionController::RoutingError (No route matches [GET] "/js/scripts.js"):
  
Started GET "/" for 127.0.0.1 at 2024-02-05 09:31:38 -0600
Processing by MainController#index as HTML
  Rendering layout layouts/application.html.erb
  Rendering main/index.html.erb within layouts/application
  Rendered main/index.html.erb within layouts/application (Duration: 0.3ms | Allocations: 117)
  Rendered layout layouts/application.html.erb (Duration: 1.7ms | Allocations: 1442)
Completed 200 OK in 2ms (Views: 2.1ms | MongoDB: 0.0ms | Allocations: 1666)


Started GET "/css/styles.css" for 127.0.0.1 at 2024-02-05 09:31:38 -0600
  
ActionController::RoutingError (No route matches [GET] "/css/styles.css"):
  
Started GET "/js/scripts.js" for 127.0.0.1 at 2024-02-05 09:31:38 -0600
  
ActionController::RoutingError (No route matches [GET] "/js/scripts.js"):
  
Started GET "/" for 127.0.0.1 at 2024-02-05 09:31:55 -0600
Started GET "/css/styles.css" for 127.0.0.1 at 2024-02-05 09:31:55 -0600
Processing by MainController#index as HTML
  Rendering layout layouts/application.html.erb
  Rendering main/index.html.erb within layouts/application
  Rendered main/index.html.erb within layouts/application (Duration: 1.1ms | Allocations: 590)
  Rendered layout layouts/application.html.erb (Duration: 17.0ms | Allocations: 14565)
Completed 200 OK in 20ms (Views: 19.3ms | MongoDB: 0.0ms | Allocations: 15421)


  
ActionController::RoutingError (No route matches [GET] "/css/styles.css"):
  
Started GET "/js/scripts.js" for 127.0.0.1 at 2024-02-05 09:31:55 -0600
  
ActionController::RoutingError (No route matches [GET] "/js/scripts.js"):
  
Started GET "/my_info" for 127.0.0.1 at 2024-02-05 09:31:55 -0600
Processing by MainController#my_info as HTML
  Rendering layout layouts/application.html.erb
  Rendering main/my_info.html.erb within layouts/application
  Rendered main/my_info.html.erb within layouts/application (Duration: 1.2ms | Allocations: 371)
Started GET "/css/styles.css" for 127.0.0.1 at 2024-02-05 09:31:55 -0600
  
ActionController::RoutingError (No route matches [GET] "/css/styles.css"):
  
  Rendered layout layouts/application.html.erb (Duration: 65.8ms | Allocations: 47769)
Completed 200 OK in 69ms (Views: 68.3ms | MongoDB: 0.0ms | Allocations: 48551)


Started GET "/categories" for 127.0.0.1 at 2024-02-05 09:31:56 -0600
Processing by MainController#categories as HTML
  Rendering layout layouts/application.html.erb
  Rendering main/categories.html.erb within layouts/application
  Rendered main/categories.html.erb within layouts/application (Duration: 1.3ms | Allocations: 334)
  Rendered layout layouts/application.html.erb (Duration: 4.0ms | Allocations: 1638)
Completed 200 OK in 5ms (Views: 4.7ms | MongoDB: 0.0ms | Allocations: 1863)


Started GET "/css/styles.css" for 127.0.0.1 at 2024-02-05 09:31:56 -0600
  
ActionController::RoutingError (No route matches [GET] "/css/styles.css"):
  
Started GET "/faq" for 127.0.0.1 at 2024-02-05 09:31:56 -0600
Processing by MainController#faq as HTML
  Rendering layout layouts/application.html.erb
  Rendering main/faq.html.erb within layouts/application
  Rendered main/faq.html.erb within layouts/application (Duration: 10.2ms | Allocations: 488)
Started GET "/css/styles.css" for 127.0.0.1 at 2024-02-05 09:31:56 -0600
  Rendered layout layouts/application.html.erb (Duration: 16.7ms | Allocations: 2157)
Completed 200 OK in 18ms (Views: 17.7ms | MongoDB: 0.0ms | Allocations: 2384)


Started GET "/js/scripts.js" for 127.0.0.1 at 2024-02-05 09:31:56 -0600
  
ActionController::RoutingError (No route matches [GET] "/css/styles.css"):
  
  
ActionController::RoutingError (No route matches [GET] "/js/scripts.js"):
  
